  imgui.cpp
  imgui_demo.cpp
  imgui_draw.cpp
  imgui_impl_glfw.cpp
  imgui_impl_opengl3.cpp
  imgui_tables.cpp
  imgui_widgets.cpp
  glad.cpp
  main.cpp
C:\Users\admin\Desktop\METU\COURSES\Semester-2\Term2\CNG 477\477hw2\transformations\transformations\main.cpp(43,17): warning C4305: '=': truncation from 'double' to 'float'
C:\Users\admin\Desktop\METU\COURSES\Semester-2\Term2\CNG 477\477hw2\transformations\transformations\main.cpp(47,18): warning C4305: '=': truncation from 'double' to 'float'
C:\Users\admin\Desktop\METU\COURSES\Semester-2\Term2\CNG 477\477hw2\transformations\transformations\main.cpp(51,17): warning C4305: '=': truncation from 'double' to 'float'
C:\Users\admin\Desktop\METU\COURSES\Semester-2\Term2\CNG 477\477hw2\transformations\transformations\main.cpp(55,18): warning C4305: '=': truncation from 'double' to 'float'
C:\Users\admin\Desktop\METU\COURSES\Semester-2\Term2\CNG 477\477hw2\transformations\transformations\main.cpp(59,17): warning C4305: '=': truncation from 'double' to 'float'
C:\Users\admin\Desktop\METU\COURSES\Semester-2\Term2\CNG 477\477hw2\transformations\transformations\main.cpp(63,18): warning C4305: '=': truncation from 'double' to 'float'
C:\Users\admin\Desktop\METU\COURSES\Semester-2\Term2\CNG 477\477hw2\transformations\transformations\main.cpp(67,18): warning C4305: '=': truncation from 'double' to 'float'
C:\Users\admin\Desktop\METU\COURSES\Semester-2\Term2\CNG 477\477hw2\transformations\transformations\main.cpp(71,19): warning C4305: '=': truncation from 'double' to 'float'
C:\Users\admin\Desktop\METU\COURSES\Semester-2\Term2\CNG 477\477hw2\transformations\transformations\main.cpp(75,19): warning C4305: '=': truncation from 'double' to 'float'
C:\Users\admin\Desktop\METU\COURSES\Semester-2\Term2\CNG 477\477hw2\transformations\transformations\main.cpp(79,18): warning C4305: '=': truncation from 'double' to 'float'
C:\Users\admin\Desktop\METU\COURSES\Semester-2\Term2\CNG 477\477hw2\transformations\transformations\main.cpp(138,36): warning C4305: 'argument': truncation from 'double' to 'GLclampf'
  matrix.cpp
  mesh.cpp
  parser.cpp
C:\Users\admin\Desktop\METU\COURSES\Semester-2\Term2\CNG 477\477hw2\transformations\transformations\parser.cpp(32,40): warning C4244: 'argument': conversion from 'double' to 'float', possible loss of data
C:\Users\admin\Desktop\METU\COURSES\Semester-2\Term2\CNG 477\477hw2\transformations\transformations\parser.cpp(32,37): warning C4244: 'argument': conversion from 'double' to 'float', possible loss of data
C:\Users\admin\Desktop\METU\COURSES\Semester-2\Term2\CNG 477\477hw2\transformations\transformations\parser.cpp(32,34): warning C4244: 'argument': conversion from 'double' to 'float', possible loss of data
  Generating code
  Compiler switch has changed, fall back to full compilation.
  All 1626 functions were compiled because no usable IPDB/IOBJ from previous compilation was found.
  Finished generating code
  transformations.vcxproj -> C:\Users\admin\Desktop\METU\COURSES\Semester-2\Term2\CNG 477\477hw2\transformations\Release\transformations.exe
